<?xml version="1.0" encoding="UTF-8"?>
<coverage generated="1401554933">
  <project timestamp="1401554933">
    <package name="src">
      <file name="/opt/ws/CoverageAutomation/src/One.php">
        <class name="One" namespace="src">
          <metrics methods="3" coveredmethods="3" conditionals="0" coveredconditionals="0" statements="3" coveredstatements="3" elements="6" coveredelements="6"/>
        </class>
        <line num="7" type="method" name="coveredBy1" crap="1" count="1"/>
        <line num="9" type="stmt" count="1"/>
        <line num="12" type="method" name="coveredBy2" crap="1" count="1"/>
        <line num="14" type="stmt" count="1"/>
        <line num="17" type="method" name="coveredBy1And2" crap="1" count="2"/>
        <line num="19" type="stmt" count="2"/>
        <line num="22" type="stmt" count="1"/>
        <metrics loc="21" ncloc="21" classes="1" methods="3" coveredmethods="3" conditionals="0" coveredconditionals="0" statements="3" coveredstatements="3" elements="6" coveredelements="6"/>
      </file>
      <file name="/opt/ws/CoverageAutomation/src/Two.php">
        <class name="Two" namespace="src">
          <metrics methods="3" coveredmethods="0" conditionals="0" coveredconditionals="0" statements="12" coveredstatements="0" elements="15" coveredelements="0"/>
        </class>
        <line num="7" type="method" name="coveredBy1" crap="2" count="0"/>
        <line num="8" type="stmt" count="0"/>
        <line num="9" type="stmt" count="0"/>
        <line num="10" type="stmt" count="0"/>
        <line num="12" type="method" name="coveredBy2" crap="2" count="0"/>
        <line num="13" type="stmt" count="0"/>
        <line num="14" type="stmt" count="0"/>
        <line num="15" type="stmt" count="0"/>
        <line num="17" type="method" name="coveredBy1And2" crap="2" count="0"/>
        <line num="18" type="stmt" count="0"/>
        <line num="19" type="stmt" count="0"/>
        <line num="20" type="stmt" count="0"/>
        <metrics loc="21" ncloc="21" classes="1" methods="3" coveredmethods="0" conditionals="0" coveredconditionals="0" statements="12" coveredstatements="0" elements="15" coveredelements="0"/>
      </file>
    </package>
    <metrics files="2" loc="42" ncloc="42" classes="2" methods="6" coveredmethods="3" conditionals="0" coveredconditionals="0" statements="15" coveredstatements="3" elements="21" coveredelements="6"/>
  </project>
</coverage>
